自定义日志:[2021-04-05 15:53:00][2021-04-05][info] : [登录成功]
自定义日志:[2021-04-05 15:54:11][2021-04-05][info] : [登录成功]
自定义日志:[2021-04-05 15:54:22][2021-04-05][info] : [登录成功]
自定义日志:[2021-04-05 15:54:42][2021-04-05][info] : [登录成功]
自定义日志:[2021-04-05 15:55:23][2021-04-05][info] : [登录成功]
自定义日志:[2021-04-05 15:56:20][2021-04-05][info] : [登录成功]
自定义日志:[2021-04-05 15:56:39][2021-04-05][info] : [登录成功]
自定义日志:[2021-04-05 15:56:50][2021-04-05][info] : [登录成功]
自定义日志:[2021-04-05 15:56:59][2021-04-05][info] : [登录成功]
自定义日志:[2021-04-05 15:57:07][2021-04-05][info] : [登录成功]
自定义日志:[2021-04-05 16:00:51][2021-04-05][info] : [登录成功]
自定义日志:[2021-04-05 16:05:10][2021-04-05][info] : [登录成功]
自定义日志:[2021-04-05 16:06:06][2021-04-05][info] : [登录成功]
自定义日志:[2021-04-05 16:06:51][2021-04-05][info] : [登录成功]
自定义日志:[2021-04-05 16:07:04][2021-04-05][info] : [登录成功]
自定义日志:[2021-04-05 16:07:13][2021-04-05][info] : [登录成功]
自定义日志:[2021-04-05 16:13:07][2021-04-05][info] : [登录成功]
自定义日志:[2021-04-05 16:31:13][2021-04-05][info] : [登录成功]
自定义日志:[2021-04-05 16:31:49][2021-04-05][info] : [add_admins 异常:Call to protected method EasySwoole\ORM\AbstractModel::hasOne() from context 'App\HttpController\Super_admin\User']
自定义日志:[2021-04-05 16:31:57][2021-04-05][info] : [登录成功]
自定义日志:[2021-04-05 16:32:04][2021-04-05][info] : [add_admins 异常:Call to protected method EasySwoole\ORM\AbstractModel::hasOne() from context 'App\HttpController\Super_admin\User']
自定义日志:[2021-04-05 16:33:10][2021-04-05][info] : [add_admins 异常:Call to protected method EasySwoole\ORM\AbstractModel::hasOne() from context 'App\HttpController\Super_admin\User']
自定义日志:[2021-04-05 16:34:40][2021-04-05][info] : [登录成功]
自定义日志:[2021-04-05 17:17:52][2021-04-05][info] : [登录成功]
自定义日志:[2021-04-05 17:22:49][2021-04-05][info] : [登录成功]
自定义日志:[2021-04-05 17:48:08][2021-04-05][info] : [登录成功]
自定义日志:[2021-04-05 17:50:46][2021-04-05][info] : [登录成功]
自定义日志:[2021-04-05 17:53:06][2021-04-05][info] : [登录成功]
自定义日志:[2021-04-05 17:53:23][2021-04-05][info] : [登录成功]
自定义日志:[2021-04-05 17:58:23][2021-04-05][info] : [登录成功]
自定义日志:[2021-04-05 18:01:51][2021-04-05][info] : [登录成功]
自定义日志:[2021-04-05 18:02:58][2021-04-05][info] : [登录成功]
自定义日志:[2021-04-05 18:05:38][2021-04-05][info] : [登录成功]
自定义日志:[2021-04-05 18:06:33][2021-04-05][info] : [登录成功]
自定义日志:[2021-04-05 18:08:54][2021-04-05][info] : [登录成功]
自定义日志:[2021-04-05 18:09:56][2021-04-05][info] : [登录成功]
自定义日志:[2021-04-05 18:13:54][2021-04-05][info] : [登录成功]
自定义日志:[2021-04-05 18:21:22][2021-04-05][info] : [路由:/shopAdmin/get_channel token 长度非法]
自定义日志:[2021-04-05 18:22:31][2021-04-05][info] : [登录成功]
自定义日志:[2021-04-05 18:24:14][2021-04-05][info] : [登录成功]
自定义日志:[2021-04-05 18:25:38][2021-04-05][info] : [登录成功]
自定义日志:[2021-04-05 18:29:07][2021-04-05][info] : [登录成功]
自定义日志:[2021-04-05 18:30:10][2021-04-05][info] : [登录成功]
自定义日志:[2021-04-05 18:50:54][2021-04-05][info] : [登录成功]
自定义日志:[2021-04-05 18:52:04][2021-04-05][info] : [登录成功]
自定义日志:[2021-04-05 18:53:20][2021-04-05][info] : [登录成功]
自定义日志:[2021-04-05 18:55:07][2021-04-05][info] : [登录成功]
自定义日志:[2021-04-05 19:01:10][2021-04-05][info] : [add_admins 异常:SQLSTATE[42S22] [1054] Unknown column 'user.name' in 'field list' [SELECT SQL_CALC_FOUND_ROWS user.id,user.name,user.password,admin_type.name,user.created_at,user.updated_at,user.status FROM `user`  JOIN admin_type on admin_type.id=user.grade WHERE  `admin_type`.`level` = 0  AND `status` = '1'  ORDER BY created_at DESC  LIMIT 0, 10]]
自定义日志:[2021-04-05 19:10:25][2021-04-05][info] : [登录成功]
自定义日志:[2021-04-05 19:11:59][2021-04-05][info] : [登录成功]
自定义日志:[2021-04-05 19:13:10][2021-04-05][info] : [登录成功]
自定义日志:[2021-04-05 19:14:25][2021-04-05][info] : [登录成功]
自定义日志:[2021-04-05 19:17:07][2021-04-05][info] : [登录成功]
自定义日志:[2021-04-05 19:17:48][2021-04-05][info] : [登录成功]
自定义日志:[2021-04-05 19:18:49][2021-04-05][info] : [登录成功]
自定义日志:[2021-04-05 19:21:47][2021-04-05][info] : [登录成功]
自定义日志:[2021-04-05 19:22:46][2021-04-05][info] : [登录成功]
自定义日志:[2021-04-05 19:25:16][2021-04-05][info] : [登录成功]
自定义日志:[2021-04-05 19:30:13][2021-04-05][info] : [登录成功]
自定义日志:[2021-04-05 19:31:38][2021-04-05][info] : [登录成功]
自定义日志:[2021-04-05 19:32:37][2021-04-05][info] : [登录成功]
自定义日志:[2021-04-05 19:34:26][2021-04-05][info] : [登录成功]
自定义日志:[2021-04-05 19:38:02][2021-04-05][info] : [登录成功]
自定义日志:[2021-04-05 19:40:10][2021-04-05][info] : [登录成功]
自定义日志:[2021-04-05 19:41:06][2021-04-05][info] : [登录成功]
自定义日志:[2021-04-05 19:42:22][2021-04-05][info] : [登录成功]
自定义日志:[2021-04-05 19:43:36][2021-04-05][info] : [登录成功]
自定义日志:[2021-04-05 19:51:38][2021-04-05][info] : [路由:/superAdmin/add_admins token 长度非法]
自定义日志:[2021-04-05 19:51:46][2021-04-05][info] : [登录成功]
自定义日志:[2021-04-05 19:54:14][2021-04-05][info] : [登录成功]
自定义日志:[2021-04-05 19:58:56][2021-04-05][info] : [登录成功]
自定义日志:[2021-04-05 19:59:34][2021-04-05][info] : [登录成功]
自定义日志:[2021-04-05 20:01:56][2021-04-05][info] : [路由:/superAdmin/add_admins token 长度非法]
自定义日志:[2021-04-05 20:02:08][2021-04-05][info] : [路由:/superAdmin/add_admins token 长度非法]
自定义日志:[2021-04-05 20:03:38][2021-04-05][info] : [登录成功]
自定义日志:[2021-04-05 20:04:44][2021-04-05][info] : [登录成功]
自定义日志:[2021-04-05 20:07:52][2021-04-05][info] : [登录成功]
自定义日志:[2021-04-05 20:08:13][2021-04-05][info] : [登录成功]
自定义日志:[2021-04-05 20:11:49][2021-04-05][info] : [登录成功]
自定义日志:[2021-04-05 20:13:50][2021-04-05][info] : [登录成功]
自定义日志:[2021-04-05 20:14:43][2021-04-05][info] : [登录成功]
自定义日志:[2021-04-05 20:15:34][2021-04-05][info] : [登录成功]
自定义日志:[2021-04-05 20:26:49][2021-04-05][info] : [登录成功]
自定义日志:[2021-04-05 20:27:51][2021-04-05][info] : [登录成功]
自定义日志:[2021-04-05 20:33:14][2021-04-05][info] : [登录成功]
自定义日志:[2021-04-05 20:41:15][2021-04-05][info] : [登录成功]
自定义日志:[2021-04-05 20:43:13][2021-04-05][info] : [登录成功]
自定义日志:[2021-04-05 20:44:10][2021-04-05][info] : [登录成功]
自定义日志:[2021-04-05 20:46:37][2021-04-05][info] : [登录成功]
自定义日志:[2021-04-05 20:47:38][2021-04-05][info] : [登录成功]
自定义日志:[2021-04-05 20:49:56][2021-04-05][info] : [登录成功]
自定义日志:[2021-04-05 20:50:44][2021-04-05][info] : [登录成功]
自定义日志:[2021-04-05 20:52:11][2021-04-05][info] : [add_admins 异常:SQLSTATE[42S22] [1054] Unknown column 'grade' in 'where clause' [SELECT  * FROM `admin_type` WHERE  `grade` = '1'  LIMIT 1]]
自定义日志:[2021-04-05 20:54:50][2021-04-05][info] : [登录成功]
自定义日志:[2021-04-05 20:59:34][2021-04-05][info] : [登录成功]
自定义日志:[2021-04-05 21:01:53][2021-04-05][info] : [登录成功]
自定义日志:[2021-04-05 21:07:36][2021-04-05][info] : [登录成功]
自定义日志:[2021-04-05 21:12:09][2021-04-05][info] : [登录成功]
自定义日志:[2021-04-05 21:21:33][2021-04-05][info] : [登录成功]
自定义日志:[2021-04-05 21:21:59][2021-04-05][info] : [路由:/shopAdmin/get_channel token 长度非法]
自定义日志:[2021-04-05 21:35:47][2021-04-05][info] : [登录成功]
自定义日志:[2021-04-05 21:37:22][2021-04-05][info] : [登录成功]
自定义日志:[2021-04-05 21:38:15][2021-04-05][info] : [登录成功]
自定义日志:[2021-04-05 21:42:04][2021-04-05][info] : [登录成功]
自定义日志:[2021-04-05 21:43:38][2021-04-05][info] : [登录成功]
自定义日志:[2021-04-05 21:44:33][2021-04-05][info] : [登录成功]
自定义日志:[2021-04-05 21:45:57][2021-04-05][info] : [登录成功]
自定义日志:[2021-04-05 22:02:14][2021-04-05][info] : [登录成功]
自定义日志:[2021-04-05 22:12:05][2021-04-05][info] : [登录成功]
自定义日志:[2021-04-05 22:13:24][2021-04-05][info] : [登录成功]
自定义日志:[2021-04-05 22:17:16][2021-04-05][info] : [登录成功]
自定义日志:[2021-04-05 22:38:23][2021-04-05][info] : [登录成功]
自定义日志:[2021-04-05 22:44:04][2021-04-05][info] : [登录成功]
自定义日志:[2021-04-05 22:44:28][2021-04-05][info] : [登录成功]
自定义日志:[2021-04-05 23:13:41][2021-04-05][info] : [登录成功]
自定义日志:[2021-04-05 23:15:16][2021-04-05][info] : [登录成功]
自定义日志:[2021-04-05 23:17:23][2021-04-05][info] : [登录成功]
自定义日志:[2021-04-05 23:23:36][2021-04-05][info] : [登录成功]
自定义日志:[2021-04-05 23:51:43][2021-04-05][info] : [登录成功]
自定义日志:[2021-04-05 23:52:17][2021-04-05][info] : [登录成功]
