[2021-04-02 18:30:09 *10970.1]	WARNING	swSignalfd_onSignal (ERRNO 707): Unable to find callback function for signal Hangup: 1
[2021-04-02 18:30:09 *10976.7]	WARNING	swSignalfd_onSignal (ERRNO 707): Unable to find callback function for signal Hangup: 1
[2021-04-02 18:30:09 $10966.0]	WARNING	swSignal_callback (ERRNO 707): Unable to find callback function for signal Hangup: 1
[2021-04-02 18:30:09 $10966.0]	WARNING	swManager_check_exit_status: worker#8[pid=10977] abnormal exit, status=0, signal=1
[2021-04-02 18:30:09 $10966.0]	WARNING	swManager_check_exit_status: worker#11[pid=10980] abnormal exit, status=0, signal=1
[2021-04-02 18:30:09 $10966.0]	WARNING	swManager_check_exit_status: worker#9[pid=10978] abnormal exit, status=0, signal=1
[2021-04-02 18:30:09 $10966.0]	WARNING	swManager_check_exit_status: worker#12[pid=10981] abnormal exit, status=0, signal=1
[2021-04-02 18:30:09 #10965.2]	WARNING	swSignalfd_onSignal (ERRNO 707): Unable to find callback function for signal Hangup: 1
[2021-04-02 18:30:09 *10971.2]	WARNING	swSignalfd_onSignal (ERRNO 707): Unable to find callback function for signal Hangup: 1
[2021-04-02 18:30:09 *10973.4]	WARNING	swSignalfd_onSignal (ERRNO 707): Unable to find callback function for signal Hangup: 1
[2021-04-02 18:30:09 *10974.5]	WARNING	swSignalfd_onSignal (ERRNO 707): Unable to find callback function for signal Hangup: 1
[2021-04-02 18:30:09 *10972.3]	WARNING	swSignalfd_onSignal (ERRNO 707): Unable to find callback function for signal Hangup: 1
[2021-04-02 18:30:09 *10975.6]	WARNING	swSignalfd_onSignal (ERRNO 707): Unable to find callback function for signal Hangup: 1
[2021-04-02 18:30:09 *10969.0]	WARNING	swSignalfd_onSignal (ERRNO 707): Unable to find callback function for signal Hangup: 1
[2021-04-02 18:30:09 $10966.0]	WARNING	swManager_check_exit_status: worker#10[pid=10979] abnormal exit, status=0, signal=1
[2021-04-03 14:12:28 *10972.3]	NOTICE	php_swoole_server_rshutdown (ERRNO 9003): worker process is terminated by exit()/die()
[2021-04-03 14:12:28 $10966.0]	WARNING	swManager_check_exit_status: worker#3[pid=10972] abnormal exit, status=255, signal=0
[2021-04-03 14:12:47 *10973.4]	NOTICE	php_swoole_server_rshutdown (ERRNO 9003): worker process is terminated by exit()/die()
[2021-04-03 14:12:47 $10966.0]	WARNING	swManager_check_exit_status: worker#4[pid=10973] abnormal exit, status=255, signal=0
[2021-04-05 15:52:06 *4669.3]	NOTICE	php_swoole_server_rshutdown (ERRNO 9003): worker process is terminated by exit()/die()
[2021-04-05 15:52:06 $10966.0]	WARNING	swManager_check_exit_status: worker#3[pid=4669] abnormal exit, status=255, signal=0
[2021-04-05 15:52:30 *4690.4]	NOTICE	php_swoole_server_rshutdown (ERRNO 9003): worker process is terminated by exit()/die()
[2021-04-05 15:52:30 $10966.0]	WARNING	swManager_check_exit_status: worker#4[pid=4690] abnormal exit, status=255, signal=0
[2021-04-05 15:52:40 *10974.5]	NOTICE	php_swoole_server_rshutdown (ERRNO 9003): worker process is terminated by exit()/die()
[2021-04-05 15:52:40 $10966.0]	WARNING	swManager_check_exit_status: worker#5[pid=10974] abnormal exit, status=255, signal=0
[2021-04-05 15:52:53 #10965.2]	INFO	Server is shutdown now
string(17) "/login 进来了!"
string(33) "/shopAdmin/get_channel 进来了!"
string(37) "/shopAdmin/get_shop_orders 进来了!"
string(33) "/shopAdmin/get_channel 进来了!"
string(40) "/realizationAdmin/get_devices 进来了!"
string(47) "/realizationAdmin/get_devices_detail 进来了!"
string(38) "/superAdmin/get_type_admins 进来了!"
string(47) "/realizationAdmin/get_devices_detail 进来了!"
string(40) "/realizationAdmin/get_devices 进来了!"
string(40) "/realizationAdmin/get_devices 进来了!"
string(47) "/realizationAdmin/get_devices_detail 进来了!"
string(47) "/realizationAdmin/get_devices_detail 进来了!"
string(47) "/realizationAdmin/get_devices_detail 进来了!"
string(47) "/realizationAdmin/get_devices_detail 进来了!"
string(47) "/realizationAdmin/get_devices_detail 进来了!"
string(33) "/shopAdmin/get_channel 进来了!"
string(37) "/shopAdmin/get_shop_orders 进来了!"
string(33) "/shopAdmin/get_channel 进来了!"
string(47) "/realizationAdmin/get_devices_detail 进来了!"
string(40) "/realizationAdmin/get_devices 进来了!"
string(17) "/login 进来了!"
string(33) "/shopAdmin/get_channel 进来了!"
string(37) "/shopAdmin/get_shop_orders 进来了!"
string(33) "/shopAdmin/get_channel 进来了!"
string(40) "/realizationAdmin/get_devices 进来了!"
string(47) "/realizationAdmin/get_devices_detail 进来了!"
string(17) "/login 进来了!"
string(33) "/shopAdmin/get_channel 进来了!"
string(37) "/shopAdmin/get_shop_orders 进来了!"
string(33) "/shopAdmin/get_channel 进来了!"
string(47) "/realizationAdmin/get_devices_detail 进来了!"
string(40) "/realizationAdmin/get_devices 进来了!"
string(33) "/shopAdmin/get_channel 进来了!"
string(37) "/shopAdmin/get_shop_orders 进来了!"
string(33) "/shopAdmin/get_channel 进来了!"
string(47) "/realizationAdmin/get_devices_detail 进来了!"
string(40) "/realizationAdmin/get_devices 进来了!"
string(33) "/shopAdmin/get_channel 进来了!"
string(37) "/shopAdmin/get_shop_orders 进来了!"
string(33) "/shopAdmin/get_channel 进来了!"
string(40) "/realizationAdmin/get_devices 进来了!"
string(47) "/realizationAdmin/get_devices_detail 进来了!"
string(47) "/realizationAdmin/get_devices_detail 进来了!"
string(47) "/realizationAdmin/get_devices_detail 进来了!"
string(47) "/realizationAdmin/get_devices_detail 进来了!"
string(33) "/shopAdmin/get_channel 进来了!"
string(37) "/shopAdmin/get_shop_orders 进来了!"
string(33) "/shopAdmin/get_channel 进来了!"
string(40) "/realizationAdmin/get_devices 进来了!"
string(47) "/realizationAdmin/get_devices_detail 进来了!"
string(47) "/realizationAdmin/get_devices_detail 进来了!"
string(47) "/realizationAdmin/get_devices_detail 进来了!"
string(47) "/realizationAdmin/get_devices_detail 进来了!"
string(33) "/shopAdmin/get_channel 进来了!"
string(37) "/shopAdmin/get_shop_orders 进来了!"
string(33) "/shopAdmin/get_channel 进来了!"
string(40) "/realizationAdmin/get_devices 进来了!"
string(47) "/realizationAdmin/get_devices_detail 进来了!"
string(47) "/realizationAdmin/get_devices_detail 进来了!"
string(47) "/realizationAdmin/get_devices_detail 进来了!"
string(47) "/realizationAdmin/get_devices_detail 进来了!"
string(47) "/realizationAdmin/get_devices_detail 进来了!"
string(47) "/realizationAdmin/get_devices_detail 进来了!"
string(47) "/realizationAdmin/get_devices_detail 进来了!"
string(17) "/login 进来了!"
string(33) "/shopAdmin/get_channel 进来了!"
string(37) "/shopAdmin/get_shop_orders 进来了!"
string(33) "/shopAdmin/get_channel 进来了!"
string(40) "/realizationAdmin/get_devices 进来了!"
string(47) "/realizationAdmin/get_devices_detail 进来了!"
string(37) "/shopAdmin/get_shop_orders 进来了!"
string(33) "/shopAdmin/get_channel 进来了!"
string(37) "/shopAdmin/get_shop_orders 进来了!"
string(33) "/shopAdmin/get_channel 进来了!"
string(40) "/realizationAdmin/get_devices 进来了!"
string(47) "/realizationAdmin/get_devices_detail 进来了!"
string(37) "/shopAdmin/get_shop_orders 进来了!"
string(33) "/shopAdmin/get_channel 进来了!"
string(37) "/shopAdmin/get_shop_orders 进来了!"
string(33) "/shopAdmin/get_channel 进来了!"
string(40) "/realizationAdmin/get_devices 进来了!"
string(47) "/realizationAdmin/get_devices_detail 进来了!"
string(33) "/shopAdmin/get_channel 进来了!"
string(33) "/shopAdmin/get_channel 进来了!"
string(37) "/shopAdmin/get_shop_orders 进来了!"
string(33) "/shopAdmin/get_channel 进来了!"
string(40) "/realizationAdmin/get_devices 进来了!"
string(47) "/realizationAdmin/get_devices_detail 进来了!"
string(37) "/shopAdmin/get_shop_orders 进来了!"
string(37) "/shopAdmin/get_shop_orders 进来了!"
string(33) "/shopAdmin/get_channel 进来了!"
string(33) "/shopAdmin/get_channel 进来了!"
string(37) "/shopAdmin/get_shop_orders 进来了!"
string(33) "/shopAdmin/get_channel 进来了!"
string(40) "/realizationAdmin/get_devices 进来了!"
string(47) "/realizationAdmin/get_devices_detail 进来了!"
string(37) "/shopAdmin/get_shop_orders 进来了!"
string(33) "/shopAdmin/get_channel 进来了!"
string(37) "/shopAdmin/get_shop_orders 进来了!"
string(17) "/login 进来了!"
string(33) "/shopAdmin/get_channel 进来了!"
string(37) "/shopAdmin/get_shop_orders 进来了!"
string(33) "/shopAdmin/get_channel 进来了!"
string(40) "/realizationAdmin/get_devices 进来了!"
string(47) "/realizationAdmin/get_devices_detail 进来了!"
string(33) "/shopAdmin/get_channel 进来了!"
string(40) "/realizationAdmin/get_devices 进来了!"
string(47) "/realizationAdmin/get_devices_detail 进来了!"
string(33) "/shopAdmin/get_channel 进来了!"
string(40) "/realizationAdmin/get_devices 进来了!"
string(47) "/realizationAdmin/get_devices_detail 进来了!"
string(33) "/shopAdmin/get_channel 进来了!"
string(37) "/shopAdmin/get_shop_orders 进来了!"
string(33) "/shopAdmin/get_channel 进来了!"
string(40) "/realizationAdmin/get_devices 进来了!"
string(47) "/realizationAdmin/get_devices_detail 进来了!"
string(17) "/login 进来了!"
string(33) "/shopAdmin/get_channel 进来了!"
string(37) "/shopAdmin/get_shop_orders 进来了!"
string(33) "/shopAdmin/get_channel 进来了!"
string(40) "/realizationAdmin/get_devices 进来了!"
string(47) "/realizationAdmin/get_devices_detail 进来了!"
string(33) "/shopAdmin/get_channel 进来了!"
string(40) "/realizationAdmin/get_devices 进来了!"
string(47) "/realizationAdmin/get_devices_detail 进来了!"
string(40) "/realizationAdmin/get_devices 进来了!"
string(33) "/shopAdmin/get_channel 进来了!"
string(47) "/realizationAdmin/get_devices_detail 进来了!"
string(33) "/shopAdmin/get_channel 进来了!"
string(33) "/shopAdmin/get_channel 进来了!"
string(37) "/shopAdmin/get_shop_orders 进来了!"
string(40) "/realizationAdmin/get_devices 进来了!"
string(33) "/shopAdmin/get_channel 进来了!"
string(47) "/realizationAdmin/get_devices_detail 进来了!"
string(33) "/shopAdmin/get_channel 进来了!"
string(33) "/shopAdmin/get_channel 进来了!"
string(37) "/shopAdmin/get_shop_orders 进来了!"
string(33) "/shopAdmin/get_channel 进来了!"
string(40) "/realizationAdmin/get_devices 进来了!"
string(47) "/realizationAdmin/get_devices_detail 进来了!"
string(33) "/shopAdmin/get_channel 进来了!"
string(33) "/shopAdmin/get_channel 进来了!"
string(37) "/shopAdmin/get_shop_orders 进来了!"
string(33) "/shopAdmin/get_channel 进来了!"
string(40) "/realizationAdmin/get_devices 进来了!"
string(47) "/realizationAdmin/get_devices_detail 进来了!"
string(33) "/shopAdmin/get_channel 进来了!"
string(37) "/shopAdmin/get_shop_orders 进来了!"
string(33) "/shopAdmin/get_channel 进来了!"
string(40) "/realizationAdmin/get_devices 进来了!"
string(47) "/realizationAdmin/get_devices_detail 进来了!"
string(17) "/login 进来了!"
string(33) "/shopAdmin/get_channel 进来了!"
string(37) "/shopAdmin/get_shop_orders 进来了!"
string(33) "/shopAdmin/get_channel 进来了!"
string(40) "/realizationAdmin/get_devices 进来了!"
string(47) "/realizationAdmin/get_devices_detail 进来了!"
string(47) "/realizationAdmin/get_devices_detail 进来了!"
string(47) "/realizationAdmin/get_devices_detail 进来了!"
string(33) "/shopAdmin/get_channel 进来了!"
string(40) "/realizationAdmin/get_devices 进来了!"
string(47) "/realizationAdmin/get_devices_detail 进来了!"
string(33) "/shopAdmin/get_channel 进来了!"
string(37) "/shopAdmin/get_shop_orders 进来了!"
string(33) "/shopAdmin/get_channel 进来了!"
string(40) "/realizationAdmin/get_devices 进来了!"
string(47) "/realizationAdmin/get_devices_detail 进来了!"
string(33) "/shopAdmin/get_channel 进来了!"
string(33) "/shopAdmin/get_channel 进来了!"
string(37) "/shopAdmin/get_shop_orders 进来了!"
string(40) "/realizationAdmin/get_devices 进来了!"
string(33) "/shopAdmin/get_channel 进来了!"
string(47) "/realizationAdmin/get_devices_detail 进来了!"
string(17) "/login 进来了!"
string(33) "/shopAdmin/get_channel 进来了!"
string(37) "/shopAdmin/get_shop_orders 进来了!"
string(33) "/shopAdmin/get_channel 进来了!"
string(40) "/realizationAdmin/get_devices 进来了!"
string(47) "/realizationAdmin/get_devices_detail 进来了!"
string(17) "/login 进来了!"
string(33) "/shopAdmin/get_channel 进来了!"
string(37) "/shopAdmin/get_shop_orders 进来了!"
string(33) "/shopAdmin/get_channel 进来了!"
string(40) "/realizationAdmin/get_devices 进来了!"
string(47) "/realizationAdmin/get_devices_detail 进来了!"
string(17) "/login 进来了!"
string(33) "/shopAdmin/get_channel 进来了!"
string(37) "/shopAdmin/get_shop_orders 进来了!"
string(33) "/shopAdmin/get_channel 进来了!"
string(40) "/realizationAdmin/get_devices 进来了!"
string(47) "/realizationAdmin/get_devices_detail 进来了!"
string(40) "/realizationAdmin/get_devices 进来了!"
string(33) "/shopAdmin/get_channel 进来了!"
string(47) "/realizationAdmin/get_devices_detail 进来了!"
string(17) "/login 进来了!"
string(33) "/shopAdmin/get_channel 进来了!"
string(37) "/shopAdmin/get_shop_orders 进来了!"
string(33) "/shopAdmin/get_channel 进来了!"
string(40) "/realizationAdmin/get_devices 进来了!"
string(47) "/realizationAdmin/get_devices_detail 进来了!"
string(17) "/login 进来了!"
string(33) "/shopAdmin/get_channel 进来了!"
string(37) "/shopAdmin/get_shop_orders 进来了!"
string(33) "/shopAdmin/get_channel 进来了!"
string(40) "/realizationAdmin/get_devices 进来了!"
string(47) "/realizationAdmin/get_devices_detail 进来了!"
string(47) "/realizationAdmin/get_devices_detail 进来了!"
string(47) "/realizationAdmin/get_devices_detail 进来了!"
string(17) "/login 进来了!"
string(33) "/shopAdmin/get_channel 进来了!"
string(37) "/shopAdmin/get_shop_orders 进来了!"
string(33) "/shopAdmin/get_channel 进来了!"
string(40) "/realizationAdmin/get_devices 进来了!"
string(47) "/realizationAdmin/get_devices_detail 进来了!"
string(17) "/login 进来了!"
string(33) "/shopAdmin/get_channel 进来了!"
string(37) "/shopAdmin/get_shop_orders 进来了!"
string(33) "/shopAdmin/get_channel 进来了!"
string(40) "/realizationAdmin/get_devices 进来了!"
string(47) "/realizationAdmin/get_devices_detail 进来了!"
string(33) "/shopAdmin/get_channel 进来了!"
string(37) "/shopAdmin/get_shop_orders 进来了!"
string(17) "/login 进来了!"
string(33) "/shopAdmin/get_channel 进来了!"
string(37) "/shopAdmin/get_shop_orders 进来了!"
string(33) "/shopAdmin/get_channel 进来了!"
string(40) "/realizationAdmin/get_devices 进来了!"
string(47) "/realizationAdmin/get_devices_detail 进来了!"
string(17) "/login 进来了!"
string(33) "/shopAdmin/get_channel 进来了!"
string(37) "/shopAdmin/get_shop_orders 进来了!"
string(33) "/shopAdmin/get_channel 进来了!"
string(40) "/realizationAdmin/get_devices 进来了!"
string(47) "/realizationAdmin/get_devices_detail 进来了!"
string(33) "/shopAdmin/get_channel 进来了!"
string(37) "/shopAdmin/get_shop_orders 进来了!"
string(33) "/shopAdmin/get_channel 进来了!"
string(40) "/realizationAdmin/get_devices 进来了!"
string(47) "/realizationAdmin/get_devices_detail 进来了!"
string(33) "/shopAdmin/get_channel 进来了!"
string(37) "/shopAdmin/get_shop_orders 进来了!"
string(33) "/shopAdmin/get_channel 进来了!"
string(40) "/realizationAdmin/get_devices 进来了!"
string(47) "/realizationAdmin/get_devices_detail 进来了!"
string(33) "/shopAdmin/get_channel 进来了!"
string(37) "/shopAdmin/get_shop_orders 进来了!"
string(33) "/shopAdmin/get_channel 进来了!"
string(40) "/realizationAdmin/get_devices 进来了!"
string(47) "/realizationAdmin/get_devices_detail 进来了!"
string(40) "/realizationAdmin/get_devices 进来了!"
string(33) "/shopAdmin/get_channel 进来了!"
string(47) "/realizationAdmin/get_devices_detail 进来了!"
string(40) "/realizationAdmin/get_devices 进来了!"
string(33) "/shopAdmin/get_channel 进来了!"
string(47) "/realizationAdmin/get_devices_detail 进来了!"
string(40) "/realizationAdmin/get_devices 进来了!"
string(33) "/shopAdmin/get_channel 进来了!"
string(47) "/realizationAdmin/get_devices_detail 进来了!"
string(40) "/realizationAdmin/get_devices 进来了!"
string(33) "/shopAdmin/get_channel 进来了!"
string(47) "/realizationAdmin/get_devices_detail 进来了!"
string(17) "/login 进来了!"
string(33) "/shopAdmin/get_channel 进来了!"
string(37) "/shopAdmin/get_shop_orders 进来了!"
string(33) "/shopAdmin/get_channel 进来了!"
string(40) "/realizationAdmin/get_devices 进来了!"
string(47) "/realizationAdmin/get_devices_detail 进来了!"
string(33) "/shopAdmin/get_channel 进来了!"
string(17) "/login 进来了!"
string(33) "/shopAdmin/get_channel 进来了!"
string(37) "/shopAdmin/get_shop_orders 进来了!"
string(33) "/shopAdmin/get_channel 进来了!"
string(40) "/realizationAdmin/get_devices 进来了!"
string(47) "/realizationAdmin/get_devices_detail 进来了!"
string(33) "/shopAdmin/get_channel 进来了!"
string(37) "/shopAdmin/get_shop_orders 进来了!"
string(33) "/shopAdmin/get_channel 进来了!"
string(40) "/realizationAdmin/get_devices 进来了!"
string(47) "/realizationAdmin/get_devices_detail 进来了!"
string(17) "/login 进来了!"
string(33) "/shopAdmin/get_channel 进来了!"
string(37) "/shopAdmin/get_shop_orders 进来了!"
string(33) "/shopAdmin/get_channel 进来了!"
string(40) "/realizationAdmin/get_devices 进来了!"
string(47) "/realizationAdmin/get_devices_detail 进来了!"
string(17) "/login 进来了!"
string(33) "/shopAdmin/get_channel 进来了!"
string(37) "/shopAdmin/get_shop_orders 进来了!"
string(33) "/shopAdmin/get_channel 进来了!"
string(40) "/realizationAdmin/get_devices 进来了!"
string(47) "/realizationAdmin/get_devices_detail 进来了!"
string(33) "/shopAdmin/get_channel 进来了!"
string(40) "/realizationAdmin/get_devices 进来了!"
string(47) "/realizationAdmin/get_devices_detail 进来了!"
string(33) "/shopAdmin/get_channel 进来了!"
string(40) "/realizationAdmin/get_devices 进来了!"
string(47) "/realizationAdmin/get_devices_detail 进来了!"
string(33) "/shopAdmin/get_channel 进来了!"
string(37) "/shopAdmin/get_shop_orders 进来了!"
string(33) "/shopAdmin/get_channel 进来了!"
string(40) "/realizationAdmin/get_devices 进来了!"
string(47) "/realizationAdmin/get_devices_detail 进来了!"
string(37) "/shopAdmin/get_shop_orders 进来了!"
string(37) "/shopAdmin/get_shop_orders 进来了!"
string(33) "/shopAdmin/get_channel 进来了!"
string(40) "/realizationAdmin/get_devices 进来了!"
string(47) "/realizationAdmin/get_devices_detail 进来了!"
string(33) "/shopAdmin/get_channel 进来了!"
string(37) "/shopAdmin/get_shop_orders 进来了!"
string(33) "/shopAdmin/get_channel 进来了!"
string(40) "/realizationAdmin/get_devices 进来了!"
string(47) "/realizationAdmin/get_devices_detail 进来了!"
string(33) "/shopAdmin/get_channel 进来了!"
string(37) "/shopAdmin/get_shop_orders 进来了!"
string(33) "/shopAdmin/get_channel 进来了!"
string(40) "/realizationAdmin/get_devices 进来了!"
string(47) "/realizationAdmin/get_devices_detail 进来了!"
string(33) "/shopAdmin/get_channel 进来了!"
string(37) "/shopAdmin/get_shop_orders 进来了!"
string(33) "/shopAdmin/get_channel 进来了!"
string(40) "/realizationAdmin/get_devices 进来了!"
string(47) "/realizationAdmin/get_devices_detail 进来了!"
string(17) "/login 进来了!"
string(33) "/shopAdmin/get_channel 进来了!"
string(37) "/shopAdmin/get_shop_orders 进来了!"
string(33) "/shopAdmin/get_channel 进来了!"
string(40) "/realizationAdmin/get_devices 进来了!"
string(47) "/realizationAdmin/get_devices_detail 进来了!"
string(17) "/login 进来了!"
string(33) "/shopAdmin/get_channel 进来了!"
string(37) "/shopAdmin/get_shop_orders 进来了!"
string(33) "/shopAdmin/get_channel 进来了!"
string(40) "/realizationAdmin/get_devices 进来了!"
string(47) "/realizationAdmin/get_devices_detail 进来了!"
string(33) "/shopAdmin/get_channel 进来了!"
string(33) "/shopAdmin/get_channel 进来了!"
string(33) "/shopAdmin/get_channel 进来了!"
string(33) "/shopAdmin/get_channel 进来了!"
string(33) "/shopAdmin/get_channel 进来了!"
string(37) "/shopAdmin/get_shop_orders 进来了!"
string(33) "/superAdmin/add_admins 进来了!"
string(17) "/login 进来了!"
string(33) "/shopAdmin/get_channel 进来了!"
string(37) "/shopAdmin/get_shop_orders 进来了!"
string(33) "/shopAdmin/get_channel 进来了!"
string(40) "/realizationAdmin/get_devices 进来了!"
string(47) "/realizationAdmin/get_devices_detail 进来了!"
string(33) "/shopAdmin/get_channel 进来了!"
string(33) "/shopAdmin/get_channel 进来了!"
string(33) "/shopAdmin/get_channel 进来了!"
string(33) "/shopAdmin/get_channel 进来了!"
string(33) "/shopAdmin/get_channel 进来了!"
string(33) "/shopAdmin/get_channel 进来了!"
string(33) "/shopAdmin/get_channel 进来了!"
string(17) "/login 进来了!"
string(33) "/shopAdmin/get_channel 进来了!"
string(37) "/shopAdmin/get_shop_orders 进来了!"
string(33) "/shopAdmin/get_channel 进来了!"
string(40) "/realizationAdmin/get_devices 进来了!"
string(47) "/realizationAdmin/get_devices_detail 进来了!"
string(40) "/realizationAdmin/get_devices 进来了!"
string(33) "/shopAdmin/get_channel 进来了!"
string(47) "/realizationAdmin/get_devices_detail 进来了!"
string(17) "/login 进来了!"
string(33) "/shopAdmin/get_channel 进来了!"
string(37) "/shopAdmin/get_shop_orders 进来了!"
string(33) "/shopAdmin/get_channel 进来了!"
string(40) "/realizationAdmin/get_devices 进来了!"
string(47) "/realizationAdmin/get_devices_detail 进来了!"
string(33) "/shopAdmin/get_channel 进来了!"
string(33) "/shopAdmin/get_channel 进来了!"
string(33) "/shopAdmin/get_channel 进来了!"
string(33) "/shopAdmin/get_channel 进来了!"
string(37) "/shopAdmin/get_shop_orders 进来了!"
string(33) "/shopAdmin/get_channel 进来了!"
string(40) "/realizationAdmin/get_devices 进来了!"
string(47) "/realizationAdmin/get_devices_detail 进来了!"
string(17) "/login 进来了!"
string(33) "/shopAdmin/get_channel 进来了!"
string(37) "/shopAdmin/get_shop_orders 进来了!"
string(33) "/shopAdmin/get_channel 进来了!"
string(40) "/realizationAdmin/get_devices 进来了!"
string(47) "/realizationAdmin/get_devices_detail 进来了!"
string(33) "/shopAdmin/get_channel 进来了!"
string(33) "/shopAdmin/get_channel 进来了!"
string(33) "/shopAdmin/get_channel 进来了!"
string(33) "/shopAdmin/get_channel 进来了!"
string(33) "/shopAdmin/get_channel 进来了!"
string(33) "/shopAdmin/get_channel 进来了!"
string(37) "/shopAdmin/get_shop_orders 进来了!"
string(33) "/shopAdmin/get_channel 进来了!"
string(40) "/realizationAdmin/get_devices 进来了!"
string(47) "/realizationAdmin/get_devices_detail 进来了!"
string(17) "/login 进来了!"
string(33) "/shopAdmin/get_channel 进来了!"
string(37) "/shopAdmin/get_shop_orders 进来了!"
string(33) "/shopAdmin/get_channel 进来了!"
string(40) "/realizationAdmin/get_devices 进来了!"
string(47) "/realizationAdmin/get_devices_detail 进来了!"
string(17) "/login 进来了!"
string(33) "/shopAdmin/get_channel 进来了!"
string(37) "/shopAdmin/get_shop_orders 进来了!"
string(33) "/shopAdmin/get_channel 进来了!"
string(40) "/realizationAdmin/get_devices 进来了!"
string(47) "/realizationAdmin/get_devices_detail 进来了!"
string(40) "/realizationAdmin/get_devices 进来了!"
string(33) "/shopAdmin/get_channel 进来了!"
string(47) "/realizationAdmin/get_devices_detail 进来了!"
string(40) "/realizationAdmin/get_devices 进来了!"
string(33) "/shopAdmin/get_channel 进来了!"
string(47) "/realizationAdmin/get_devices_detail 进来了!"
string(33) "/shopAdmin/get_channel 进来了!"
string(37) "/shopAdmin/get_shop_orders 进来了!"
string(33) "/superAdmin/add_admins 进来了!"
string(17) "/login 进来了!"
string(33) "/shopAdmin/get_channel 进来了!"
string(37) "/shopAdmin/get_shop_orders 进来了!"
string(37) "/shopAdmin/get_shop_orders 进来了!"
string(37) "/shopAdmin/get_shop_orders 进来了!"
string(37) "/shopAdmin/get_shop_orders 进来了!"
string(17) "/login 进来了!"
string(33) "/shopAdmin/get_channel 进来了!"
string(37) "/shopAdmin/get_shop_orders 进来了!"
string(33) "/shopAdmin/get_channel 进来了!"
string(40) "/realizationAdmin/get_devices 进来了!"
string(47) "/realizationAdmin/get_devices_detail 进来了!"
string(47) "/realizationAdmin/get_devices_detail 进来了!"
string(47) "/realizationAdmin/get_devices_detail 进来了!"
string(47) "/realizationAdmin/get_devices_detail 进来了!"
string(47) "/realizationAdmin/get_devices_detail 进来了!"
string(37) "/shopAdmin/get_shop_orders 进来了!"
string(37) "/shopAdmin/get_shop_orders 进来了!"
string(33) "/shopAdmin/get_channel 进来了!"
string(40) "/realizationAdmin/get_devices 进来了!"
string(47) "/realizationAdmin/get_devices_detail 进来了!"
string(33) "/shopAdmin/get_channel 进来了!"
string(40) "/realizationAdmin/get_devices 进来了!"
string(47) "/realizationAdmin/get_devices_detail 进来了!"
string(37) "/shopAdmin/get_shop_orders 进来了!"
string(33) "/shopAdmin/get_channel 进来了!"
string(40) "/realizationAdmin/get_devices 进来了!"
string(47) "/realizationAdmin/get_devices_detail 进来了!"
string(33) "/shopAdmin/get_channel 进来了!"
string(40) "/realizationAdmin/get_devices 进来了!"
string(47) "/realizationAdmin/get_devices_detail 进来了!"
string(37) "/shopAdmin/get_shop_orders 进来了!"
string(37) "/shopAdmin/get_shop_orders 进来了!"
string(37) "/shopAdmin/get_shop_orders 进来了!"
string(37) "/shopAdmin/get_shop_orders 进来了!"
string(37) "/shopAdmin/get_shop_orders 进来了!"
string(37) "/shopAdmin/get_shop_orders 进来了!"
string(37) "/shopAdmin/get_shop_orders 进来了!"
string(37) "/shopAdmin/get_shop_orders 进来了!"
string(37) "/shopAdmin/get_shop_orders 进来了!"
string(37) "/shopAdmin/get_shop_orders 进来了!"
string(37) "/shopAdmin/get_shop_orders 进来了!"
string(37) "/shopAdmin/get_shop_orders 进来了!"
string(37) "/shopAdmin/get_shop_orders 进来了!"
string(37) "/shopAdmin/get_shop_orders 进来了!"
string(37) "/shopAdmin/get_shop_orders 进来了!"
string(33) "/shopAdmin/get_channel 进来了!"
string(40) "/realizationAdmin/get_devices 进来了!"
string(47) "/realizationAdmin/get_devices_detail 进来了!"
string(37) "/shopAdmin/get_shop_orders 进来了!"
string(37) "/shopAdmin/get_shop_orders 进来了!"
string(33) "/shopAdmin/get_channel 进来了!"
string(33) "/shopAdmin/get_channel 进来了!"
string(37) "/shopAdmin/get_shop_orders 进来了!"
string(33) "/shopAdmin/get_channel 进来了!"
string(40) "/realizationAdmin/get_devices 进来了!"
string(47) "/realizationAdmin/get_devices_detail 进来了!"
string(17) "/login 进来了!"
string(33) "/superAdmin/add_admins 进来了!"
string(33) "/superAdmin/add_admins 进来了!"
string(33) "/superAdmin/add_admins 进来了!"
string(33) "/superAdmin/add_admins 进来了!"
string(17) "/login 进来了!"
string(33) "/superAdmin/add_admins 进来了!"
string(33) "/superAdmin/add_admins 进来了!"
string(17) "/login 进来了!"
string(33) "/superAdmin/add_admins 进来了!"
string(17) "/login 进来了!"
string(33) "/superAdmin/add_admins 进来了!"
string(33) "/superAdmin/add_admins 进来了!"
string(33) "/superAdmin/add_admins 进来了!"
string(33) "/superAdmin/add_admins 进来了!"
string(17) "/login 进来了!"
string(33) "/superAdmin/add_admins 进来了!"
string(33) "/superAdmin/add_admins 进来了!"
string(33) "/superAdmin/add_admins 进来了!"
string(33) "/superAdmin/add_admins 进来了!"
string(33) "/superAdmin/add_admins 进来了!"
string(17) "/login 进来了!"
string(33) "/superAdmin/add_admins 进来了!"
string(17) "/login 进来了!"
string(33) "/superAdmin/add_admins 进来了!"
string(33) "/superAdmin/add_admins 进来了!"
string(17) "/login 进来了!"
string(33) "/superAdmin/add_admins 进来了!"
string(33) "/superAdmin/add_admins 进来了!"
string(17) "/login 进来了!"
string(33) "/superAdmin/add_admins 进来了!"
string(33) "/superAdmin/add_admins 进来了!"
string(33) "/superAdmin/add_admins 进来了!"
string(33) "/superAdmin/add_admins 进来了!"
string(17) "/login 进来了!"
string(17) "/login 进来了!"
string(33) "/superAdmin/add_admins 进来了!"
string(17) "/login 进来了!"
string(33) "/superAdmin/add_admins 进来了!"
string(33) "/superAdmin/add_admins 进来了!"
string(33) "/superAdmin/add_admins 进来了!"
string(33) "/superAdmin/add_admins 进来了!"
string(33) "/superAdmin/add_admins 进来了!"
string(33) "/superAdmin/add_admins 进来了!"
string(33) "/superAdmin/add_admins 进来了!"
string(17) "/login 进来了!"
string(33) "/superAdmin/add_admins 进来了!"
string(33) "/superAdmin/add_admins 进来了!"
string(33) "/superAdmin/add_admins 进来了!"
string(17) "/login 进来了!"
string(33) "/superAdmin/add_admins 进来了!"
string(17) "/login 进来了!"
string(33) "/superAdmin/add_admins 进来了!"
string(17) "/login 进来了!"
string(33) "/superAdmin/add_admins 进来了!"
string(17) "/login 进来了!"
string(33) "/superAdmin/add_admins 进来了!"
string(17) "/login 进来了!"
string(33) "/superAdmin/add_admins 进来了!"
string(17) "/login 进来了!"
string(33) "/superAdmin/add_admins 进来了!"
string(17) "/login 进来了!"
string(33) "/superAdmin/add_admins 进来了!"
string(17) "/login 进来了!"
string(33) "/superAdmin/add_admins 进来了!"
string(17) "/login 进来了!"
string(33) "/superAdmin/add_admins 进来了!"
string(33) "/superAdmin/add_admins 进来了!"
string(33) "/superAdmin/add_admins 进来了!"
string(33) "/superAdmin/add_admins 进来了!"
string(33) "/superAdmin/add_admins 进来了!"
string(33) "/superAdmin/add_admins 进来了!"
string(33) "/superAdmin/add_admins 进来了!"
string(33) "/superAdmin/add_admins 进来了!"
string(33) "/superAdmin/add_admins 进来了!"
string(33) "/superAdmin/add_admins 进来了!"
string(33) "/superAdmin/add_admins 进来了!"
string(33) "/superAdmin/add_admins 进来了!"
string(33) "/superAdmin/add_admins 进来了!"
string(17) "/login 进来了!"
string(33) "/shopAdmin/get_channel 进来了!"
string(33) "/superAdmin/add_admins 进来了!"
string(17) "/login 进来了!"
string(33) "/superAdmin/add_admins 进来了!"
string(17) "/login 进来了!"
string(33) "/superAdmin/add_admins 进来了!"
string(33) "/superAdmin/add_admins 进来了!"
string(33) "/superAdmin/add_admins 进来了!"
string(33) "/superAdmin/add_admins 进来了!"
string(33) "/superAdmin/add_admins 进来了!"
string(33) "/superAdmin/add_admins 进来了!"
string(33) "/superAdmin/add_admins 进来了!"
string(33) "/superAdmin/add_admins 进来了!"
string(33) "/superAdmin/add_admins 进来了!"
string(33) "/superAdmin/add_admins 进来了!"
string(33) "/superAdmin/add_admins 进来了!"
string(33) "/superAdmin/add_admins 进来了!"
string(33) "/superAdmin/add_admins 进来了!"
string(33) "/superAdmin/add_admins 进来了!"
string(33) "/superAdmin/add_admins 进来了!"
string(33) "/superAdmin/add_admins 进来了!"
string(33) "/superAdmin/add_admins 进来了!"
string(33) "/superAdmin/add_admins 进来了!"
string(33) "/superAdmin/add_admins 进来了!"
string(33) "/superAdmin/add_admins 进来了!"
string(33) "/superAdmin/add_admins 进来了!"
string(33) "/superAdmin/add_admins 进来了!"
string(33) "/superAdmin/add_admins 进来了!"
string(33) "/superAdmin/add_admins 进来了!"
string(33) "/superAdmin/add_admins 进来了!"
string(33) "/superAdmin/add_admins 进来了!"
string(33) "/superAdmin/add_admins 进来了!"
string(33) "/superAdmin/add_admins 进来了!"
string(33) "/superAdmin/add_admins 进来了!"
string(33) "/superAdmin/add_admins 进来了!"
string(33) "/superAdmin/add_admins 进来了!"
string(33) "/superAdmin/add_admins 进来了!"
string(33) "/superAdmin/add_admins 进来了!"
string(33) "/superAdmin/add_admins 进来了!"
string(33) "/superAdmin/add_admins 进来了!"
string(17) "/login 进来了!"
string(33) "/shopAdmin/get_channel 进来了!"
string(37) "/shopAdmin/get_shop_orders 进来了!"
string(33) "/shopAdmin/get_channel 进来了!"
string(40) "/realizationAdmin/get_devices 进来了!"
string(47) "/realizationAdmin/get_devices_detail 进来了!"
string(33) "/shopAdmin/get_channel 进来了!"
string(33) "/shopAdmin/get_channel 进来了!"
string(33) "/shopAdmin/get_channel 进来了!"
string(37) "/shopAdmin/get_shop_orders 进来了!"
string(33) "/shopAdmin/get_channel 进来了!"
string(40) "/realizationAdmin/get_devices 进来了!"
string(47) "/realizationAdmin/get_devices_detail 进来了!"
string(33) "/shopAdmin/get_channel 进来了!"
string(40) "/realizationAdmin/get_devices 进来了!"
string(47) "/realizationAdmin/get_devices_detail 进来了!"
string(33) "/shopAdmin/get_channel 进来了!"
string(33) "/shopAdmin/get_channel 进来了!"
string(33) "/shopAdmin/get_channel 进来了!"
string(33) "/shopAdmin/get_channel 进来了!"
string(33) "/shopAdmin/get_channel 进来了!"
string(33) "/shopAdmin/get_channel 进来了!"
string(37) "/shopAdmin/get_shop_orders 进来了!"
string(33) "/shopAdmin/get_channel 进来了!"
string(40) "/realizationAdmin/get_devices 进来了!"
string(47) "/realizationAdmin/get_devices_detail 进来了!"
string(40) "/realizationAdmin/get_devices 进来了!"
string(33) "/shopAdmin/get_channel 进来了!"
string(47) "/realizationAdmin/get_devices_detail 进来了!"
string(40) "/realizationAdmin/get_devices 进来了!"
string(33) "/shopAdmin/get_channel 进来了!"
string(47) "/realizationAdmin/get_devices_detail 进来了!"
string(33) "/shopAdmin/get_channel 进来了!"
string(37) "/shopAdmin/get_shop_orders 进来了!"
string(40) "/realizationAdmin/get_devices 进来了!"
string(33) "/shopAdmin/get_channel 进来了!"
string(47) "/realizationAdmin/get_devices_detail 进来了!"
string(40) "/realizationAdmin/get_devices 进来了!"
string(33) "/shopAdmin/get_channel 进来了!"
string(47) "/realizationAdmin/get_devices_detail 进来了!"
string(17) "/login 进来了!"
string(33) "/shopAdmin/get_channel 进来了!"
string(33) "/shopAdmin/get_channel 进来了!"
string(33) "/shopAdmin/get_channel 进来了!"
string(17) "/login 进来了!"
string(33) "/shopAdmin/get_channel 进来了!"
string(33) "/shopAdmin/get_channel 进来了!"
string(33) "/shopAdmin/get_channel 进来了!"
string(33) "/shopAdmin/get_channel 进来了!"
string(17) "/login 进来了!"
string(33) "/shopAdmin/get_channel 进来了!"
string(33) "/shopAdmin/get_channel 进来了!"
string(33) "/shopAdmin/get_channel 进来了!"
string(33) "/shopAdmin/get_channel 进来了!"
string(33) "/shopAdmin/get_channel 进来了!"
string(33) "/shopAdmin/get_channel 进来了!"
string(33) "/shopAdmin/get_channel 进来了!"
string(33) "/shopAdmin/get_channel 进来了!"
string(33) "/shopAdmin/get_channel 进来了!"
string(33) "/shopAdmin/get_channel 进来了!"
string(33) "/shopAdmin/get_channel 进来了!"
string(33) "/shopAdmin/get_channel 进来了!"
string(17) "/login 进来了!"
string(33) "/shopAdmin/get_channel 进来了!"
string(33) "/shopAdmin/get_channel 进来了!"
string(33) "/shopAdmin/get_channel 进来了!"
string(33) "/shopAdmin/get_channel 进来了!"
string(33) "/shopAdmin/get_channel 进来了!"
string(33) "/shopAdmin/get_channel 进来了!"
string(33) "/shopAdmin/get_channel 进来了!"
string(33) "/shopAdmin/get_channel 进来了!"
string(33) "/shopAdmin/get_channel 进来了!"
string(33) "/shopAdmin/get_channel 进来了!"
string(33) "/shopAdmin/get_channel 进来了!"
string(33) "/shopAdmin/get_channel 进来了!"
string(33) "/shopAdmin/get_channel 进来了!"
string(33) "/shopAdmin/get_channel 进来了!"
string(33) "/shopAdmin/get_channel 进来了!"
string(33) "/shopAdmin/get_channel 进来了!"
string(33) "/shopAdmin/get_channel 进来了!"
string(33) "/shopAdmin/get_channel 进来了!"
string(33) "/shopAdmin/get_channel 进来了!"
string(33) "/shopAdmin/get_channel 进来了!"
string(33) "/shopAdmin/get_channel 进来了!"
string(33) "/shopAdmin/get_channel 进来了!"
string(33) "/shopAdmin/get_channel 进来了!"
string(33) "/shopAdmin/get_channel 进来了!"
string(33) "/shopAdmin/get_channel 进来了!"
string(37) "/shopAdmin/get_shop_orders 进来了!"
string(37) "/shopAdmin/get_shop_orders 进来了!"
string(33) "/shopAdmin/get_channel 进来了!"
string(33) "/shopAdmin/get_channel 进来了!"
string(33) "/shopAdmin/get_channel 进来了!"
string(33) "/shopAdmin/get_channel 进来了!"
string(33) "/shopAdmin/get_channel 进来了!"
string(33) "/shopAdmin/get_channel 进来了!"
string(33) "/shopAdmin/get_channel 进来了!"
string(33) "/shopAdmin/get_channel 进来了!"
string(33) "/shopAdmin/get_channel 进来了!"
string(33) "/shopAdmin/get_channel 进来了!"
string(37) "/shopAdmin/get_shop_orders 进来了!"
string(33) "/shopAdmin/get_channel 进来了!"
string(33) "/shopAdmin/get_channel 进来了!"
string(37) "/shopAdmin/get_shop_orders 进来了!"
string(33) "/shopAdmin/get_channel 进来了!"
string(33) "/shopAdmin/get_channel 进来了!"
string(33) "/shopAdmin/get_channel 进来了!"
string(33) "/shopAdmin/get_channel 进来了!"
string(33) "/shopAdmin/get_channel 进来了!"
string(17) "/login 进来了!"
string(33) "/superAdmin/add_admins 进来了!"
string(33) "/superAdmin/add_admins 进来了!"
string(33) "/superAdmin/add_admins 进来了!"
string(33) "/superAdmin/add_admins 进来了!"
string(33) "/superAdmin/add_admins 进来了!"
string(33) "/superAdmin/add_admins 进来了!"
string(33) "/superAdmin/add_admins 进来了!"
string(33) "/superAdmin/add_admins 进来了!"
string(33) "/shopAdmin/get_channel 进来了!"
string(33) "/shopAdmin/get_channel 进来了!"
string(33) "/shopAdmin/get_channel 进来了!"
string(37) "/shopAdmin/get_shop_orders 进来了!"
string(37) "/shopAdmin/get_shop_orders 进来了!"
string(33) "/shopAdmin/get_channel 进来了!"
string(40) "/realizationAdmin/get_devices 进来了!"
string(47) "/realizationAdmin/get_devices_detail 进来了!"
string(33) "/shopAdmin/get_channel 进来了!"
string(40) "/realizationAdmin/get_devices 进来了!"
string(47) "/realizationAdmin/get_devices_detail 进来了!"
string(17) "/login 进来了!"
string(33) "/shopAdmin/get_channel 进来了!"
string(37) "/shopAdmin/get_shop_orders 进来了!"
string(33) "/shopAdmin/get_channel 进来了!"
string(40) "/realizationAdmin/get_devices 进来了!"
string(47) "/realizationAdmin/get_devices_detail 进来了!"
string(37) "/shopAdmin/get_shop_orders 进来了!"
string(17) "/login 进来了!"
string(33) "/superAdmin/add_admins 进来了!"
string(33) "/shopAdmin/get_channel 进来了!"
string(33) "/superAdmin/add_admins 进来了!"
string(37) "/shopAdmin/get_shop_orders 进来了!"
string(33) "/superAdmin/add_admins 进来了!"
string(33) "/superAdmin/add_admins 进来了!"
string(33) "/superAdmin/add_admins 进来了!"
string(33) "/superAdmin/add_admins 进来了!"
string(33) "/superAdmin/add_admins 进来了!"
string(33) "/superAdmin/add_admins 进来了!"
string(33) "/superAdmin/add_admins 进来了!"
string(33) "/superAdmin/add_admins 进来了!"
string(17) "/login 进来了!"
string(33) "/superAdmin/add_admins 进来了!"
string(33) "/superAdmin/add_admins 进来了!"
string(33) "/superAdmin/add_admins 进来了!"
string(33) "/superAdmin/add_admins 进来了!"
string(33) "/superAdmin/add_admins 进来了!"
string(181) "Argument 2 passed to EasySwoole\Redis\Redis::hMGet() must be of the type array, string given, called in /www/wwwroot/Fans_analyse/App/HttpController/Super_admin/User.php on line 139"
string(33) "/superAdmin/add_admins 进来了!"
string(181) "Argument 2 passed to EasySwoole\Redis\Redis::hMGet() must be of the type array, string given, called in /www/wwwroot/Fans_analyse/App/HttpController/Super_admin/User.php on line 139"
string(33) "/superAdmin/add_admins 进来了!"
string(181) "Argument 2 passed to EasySwoole\Redis\Redis::hMGet() must be of the type array, string given, called in /www/wwwroot/Fans_analyse/App/HttpController/Super_admin/User.php on line 139"
[2021-04-06 16:05:50 #28781.2]	INFO	Server is shutdown now
[2021-04-06 16:28:39 *18126.2]	WARNING	swSignalfd_onSignal (ERRNO 707): Unable to find callback function for signal Hangup: 1
[2021-04-06 16:28:39 *18126.2]	WARNING	swSignalfd_onSignal (ERRNO 707): Unable to find callback function for signal Hangup: 1
[2021-04-06 16:28:39 *18129.5]	WARNING	swSignalfd_onSignal (ERRNO 707): Unable to find callback function for signal Hangup: 1
[2021-04-06 16:28:39 *18131.7]	WARNING	swSignalfd_onSignal (ERRNO 707): Unable to find callback function for signal Hangup: 1
[2021-04-06 16:28:39 *18130.6]	WARNING	swSignalfd_onSignal (ERRNO 707): Unable to find callback function for signal Hangup: 1
[2021-04-06 16:28:39 *18127.3]	WARNING	swSignalfd_onSignal (ERRNO 707): Unable to find callback function for signal Hangup: 1
[2021-04-06 16:28:39 *18125.1]	WARNING	swSignalfd_onSignal (ERRNO 707): Unable to find callback function for signal Hangup: 1
[2021-04-06 16:28:39 $18121.0]	WARNING	swSignal_callback (ERRNO 707): Unable to find callback function for signal Hangup: 1
[2021-04-06 16:28:39 $18121.0]	WARNING	swManager_check_exit_status: worker#11[pid=18135] abnormal exit, status=0, signal=1
[2021-04-06 16:28:39 *18124.0]	WARNING	swSignalfd_onSignal (ERRNO 707): Unable to find callback function for signal Hangup: 1
[2021-04-06 16:28:39 #18120.2]	WARNING	swSignalfd_onSignal (ERRNO 707): Unable to find callback function for signal Hangup: 1
[2021-04-06 16:28:39 $18121.0]	WARNING	swManager_check_exit_status: worker#8[pid=18132] abnormal exit, status=0, signal=1
[2021-04-06 16:28:39 *18128.4]	WARNING	swSignalfd_onSignal (ERRNO 707): Unable to find callback function for signal Hangup: 1
[2021-04-06 16:28:39 $18121.0]	WARNING	swManager_check_exit_status: worker#10[pid=18134] abnormal exit, status=0, signal=1
[2021-04-06 16:28:39 $18121.0]	WARNING	swManager_check_exit_status: worker#12[pid=18136] abnormal exit, status=0, signal=1
[2021-04-06 16:28:39 $18121.0]	WARNING	swManager_check_exit_status: worker#9[pid=18133] abnormal exit, status=0, signal=1
[2021-04-06 16:46:13 #18120.2]	INFO	Server is shutdown now
